[INFO] [1550586820.771496]: /home/dink/DATASETS/lidar_2d/2011_09_26_0001_0000000000.npy
[INFO] [1550586821.272164]: /home/dink/DATASETS/lidar_2d/2011_09_26_0001_0000000001.npy
[INFO] [1550586821.772127]: /home/dink/DATASETS/lidar_2d/2011_09_26_0001_0000000002.npy
[INFO] [1550586822.271856]: /home/dink/DATASETS/lidar_2d/2011_09_26_0001_0000000003.npy
[INFO] [1550586822.772294]: /home/dink/DATASETS/lidar_2d/2011_09_26_0001_0000000004.npy
[INFO] [1550586823.272111]: /home/dink/DATASETS/lidar_2d/2011_09_26_0001_0000000005.npy
[INFO] [1550586823.772118]: /home/dink/DATASETS/lidar_2d/2011_09_26_0001_0000000006.npy
[INFO] [1550586824.272291]: /home/dink/DATASETS/lidar_2d/2011_09_26_0001_0000000007.npy
[INFO] [1550586824.772288]: /home/dink/DATASETS/lidar_2d/2011_09_26_0001_0000000008.npy
[INFO] [1550586825.272111]: /home/dink/DATASETS/lidar_2d/2011_09_26_0001_0000000009.npy
[INFO] [1550586825.771905]: /home/dink/DATASETS/lidar_2d/2011_09_26_0001_0000000010.npy
[INFO] [1550586826.272132]: /home/dink/DATASETS/lidar_2d/2011_09_26_0001_0000000011.npy
[INFO] [1550586826.772184]: /home/dink/DATASETS/lidar_2d/2011_09_26_0001_0000000012.npy
[INFO] [1550586827.272126]: /home/dink/DATASETS/lidar_2d/2011_09_26_0001_0000000013.npy
[INFO] [1550586827.772214]: /home/dink/DATASETS/lidar_2d/2011_09_26_0001_0000000014.npy
[INFO] [1550586828.272272]: /home/dink/DATASETS/lidar_2d/2011_09_26_0001_0000000015.npy
[INFO] [1550586828.772243]: /home/dink/DATASETS/lidar_2d/2011_09_26_0001_0000000016.npy
[INFO] [1550586829.272297]: /home/dink/DATASETS/lidar_2d/2011_09_26_0001_0000000017.npy
[INFO] [1550586829.772182]: /home/dink/DATASETS/lidar_2d/2011_09_26_0001_0000000018.npy
[INFO] [1550586830.272242]: /home/dink/DATASETS/lidar_2d/2011_09_26_0001_0000000019.npy
[INFO] [1550586830.772124]: /home/dink/DATASETS/lidar_2d/2011_09_26_0001_0000000020.npy
[INFO] [1550586831.272296]: /home/dink/DATASETS/lidar_2d/2011_09_26_0001_0000000021.npy
[INFO] [1550586831.771997]: /home/dink/DATASETS/lidar_2d/2011_09_26_0001_0000000022.npy
[INFO] [1550586832.272342]: /home/dink/DATASETS/lidar_2d/2011_09_26_0001_0000000023.npy
[INFO] [1550586832.772295]: /home/dink/DATASETS/lidar_2d/2011_09_26_0001_0000000024.npy
[INFO] [1550586833.272187]: /home/dink/DATASETS/lidar_2d/2011_09_26_0001_0000000025.npy
[INFO] [1550586833.772292]: /home/dink/DATASETS/lidar_2d/2011_09_26_0001_0000000026.npy
[INFO] [1550586834.272253]: /home/dink/DATASETS/lidar_2d/2011_09_26_0001_0000000027.npy
[INFO] [1550586834.772286]: /home/dink/DATASETS/lidar_2d/2011_09_26_0001_0000000028.npy
[INFO] [1550586835.271685]: /home/dink/DATASETS/lidar_2d/2011_09_26_0001_0000000029.npy
[INFO] [1550586835.771923]: /home/dink/DATASETS/lidar_2d/2011_09_26_0001_0000000030.npy
[INFO] [1550586836.272246]: /home/dink/DATASETS/lidar_2d/2011_09_26_0001_0000000031.npy
[INFO] [1550586836.772256]: /home/dink/DATASETS/lidar_2d/2011_09_26_0001_0000000032.npy
[INFO] [1550586837.272106]: /home/dink/DATASETS/lidar_2d/2011_09_26_0001_0000000033.npy
[INFO] [1550586837.772138]: /home/dink/DATASETS/lidar_2d/2011_09_26_0001_0000000034.npy
[INFO] [1550586838.272045]: /home/dink/DATASETS/lidar_2d/2011_09_26_0001_0000000035.npy
[INFO] [1550586838.772243]: /home/dink/DATASETS/lidar_2d/2011_09_26_0001_0000000036.npy
[INFO] [1550586839.272273]: /home/dink/DATASETS/lidar_2d/2011_09_26_0001_0000000037.npy
[INFO] [1550586839.771688]: /home/dink/DATASETS/lidar_2d/2011_09_26_0001_0000000038.npy
[INFO] [1550586840.272285]: /home/dink/DATASETS/lidar_2d/2011_09_26_0001_0000000039.npy
[INFO] [1550586840.772227]: /home/dink/DATASETS/lidar_2d/2011_09_26_0001_0000000040.npy
[INFO] [1550586841.272124]: /home/dink/DATASETS/lidar_2d/2011_09_26_0001_0000000041.npy
[INFO] [1550586841.772119]: /home/dink/DATASETS/lidar_2d/2011_09_26_0001_0000000042.npy
[INFO] [1550586842.272349]: /home/dink/DATASETS/lidar_2d/2011_09_26_0001_0000000043.npy
[INFO] [1550586842.771845]: /home/dink/DATASETS/lidar_2d/2011_09_26_0001_0000000044.npy
[INFO] [1550586843.271801]: /home/dink/DATASETS/lidar_2d/2011_09_26_0001_0000000045.npy
[INFO] [1550586843.772105]: /home/dink/DATASETS/lidar_2d/2011_09_26_0001_0000000046.npy
[INFO] [1550586844.272154]: /home/dink/DATASETS/lidar_2d/2011_09_26_0001_0000000047.npy
[INFO] [1550586844.771993]: /home/dink/DATASETS/lidar_2d/2011_09_26_0001_0000000048.npy
[INFO] [1550586845.272272]: /home/dink/DATASETS/lidar_2d/2011_09_26_0001_0000000049.npy
[INFO] [1550586845.772041]: /home/dink/DATASETS/lidar_2d/2011_09_26_0001_0000000050.npy
[INFO] [1550586846.271861]: /home/dink/DATASETS/lidar_2d/2011_09_26_0001_0000000051.npy
[INFO] [1550586846.772108]: /home/dink/DATASETS/lidar_2d/2011_09_26_0001_0000000052.npy
[INFO] [1550586847.272124]: /home/dink/DATASETS/lidar_2d/2011_09_26_0001_0000000053.npy
[INFO] [1550586847.772160]: /home/dink/DATASETS/lidar_2d/2011_09_26_0001_0000000054.npy
[INFO] [1550586848.272087]: /home/dink/DATASETS/lidar_2d/2011_09_26_0001_0000000055.npy
[INFO] [1550586848.772070]: /home/dink/DATASETS/lidar_2d/2011_09_26_0001_0000000056.npy
[INFO] [1550586849.272074]: /home/dink/DATASETS/lidar_2d/2011_09_26_0001_0000000057.npy
[INFO] [1550586849.772197]: /home/dink/DATASETS/lidar_2d/2011_09_26_0001_0000000058.npy
[INFO] [1550586850.272084]: /home/dink/DATASETS/lidar_2d/2011_09_26_0001_0000000059.npy
[INFO] [1550586850.772113]: /home/dink/DATASETS/lidar_2d/2011_09_26_0001_0000000060.npy
[INFO] [1550586851.272132]: /home/dink/DATASETS/lidar_2d/2011_09_26_0001_0000000061.npy
[INFO] [1550586851.772125]: /home/dink/DATASETS/lidar_2d/2011_09_26_0001_0000000062.npy
[INFO] [1550586852.272119]: /home/dink/DATASETS/lidar_2d/2011_09_26_0001_0000000063.npy
[INFO] [1550586852.772094]: /home/dink/DATASETS/lidar_2d/2011_09_26_0001_0000000064.npy
[INFO] [1550586853.272264]: /home/dink/DATASETS/lidar_2d/2011_09_26_0001_0000000065.npy
[INFO] [1550586853.771936]: /home/dink/DATASETS/lidar_2d/2011_09_26_0001_0000000066.npy
[INFO] [1550586854.272099]: /home/dink/DATASETS/lidar_2d/2011_09_26_0001_0000000067.npy
[INFO] [1550586854.772100]: /home/dink/DATASETS/lidar_2d/2011_09_26_0001_0000000068.npy
[INFO] [1550586855.272259]: /home/dink/DATASETS/lidar_2d/2011_09_26_0001_0000000069.npy
[INFO] [1550586855.772099]: /home/dink/DATASETS/lidar_2d/2011_09_26_0001_0000000070.npy
[INFO] [1550586856.272097]: /home/dink/DATASETS/lidar_2d/2011_09_26_0001_0000000071.npy
[INFO] [1550586856.772096]: /home/dink/DATASETS/lidar_2d/2011_09_26_0001_0000000072.npy
[INFO] [1550586857.271917]: /home/dink/DATASETS/lidar_2d/2011_09_26_0001_0000000073.npy
[INFO] [1550586857.772028]: /home/dink/DATASETS/lidar_2d/2011_09_26_0001_0000000074.npy
[INFO] [1550586858.272188]: /home/dink/DATASETS/lidar_2d/2011_09_26_0001_0000000075.npy
[INFO] [1550586858.772085]: /home/dink/DATASETS/lidar_2d/2011_09_26_0001_0000000076.npy
[INFO] [1550586859.272247]: /home/dink/DATASETS/lidar_2d/2011_09_26_0001_0000000077.npy
[INFO] [1550586859.772002]: /home/dink/DATASETS/lidar_2d/2011_09_26_0001_0000000078.npy
[INFO] [1550586860.272202]: /home/dink/DATASETS/lidar_2d/2011_09_26_0001_0000000079.npy
[INFO] [1550586860.772299]: /home/dink/DATASETS/lidar_2d/2011_09_26_0001_0000000080.npy
[INFO] [1550586861.272075]: /home/dink/DATASETS/lidar_2d/2011_09_26_0001_0000000081.npy
[INFO] [1550586861.772053]: /home/dink/DATASETS/lidar_2d/2011_09_26_0001_0000000082.npy
[INFO] [1550586862.272193]: /home/dink/DATASETS/lidar_2d/2011_09_26_0001_0000000083.npy
[INFO] [1550586862.771857]: /home/dink/DATASETS/lidar_2d/2011_09_26_0001_0000000084.npy
[INFO] [1550586863.272296]: /home/dink/DATASETS/lidar_2d/2011_09_26_0001_0000000085.npy
[INFO] [1550586863.772182]: /home/dink/DATASETS/lidar_2d/2011_09_26_0001_0000000086.npy
[INFO] [1550586864.272120]: /home/dink/DATASETS/lidar_2d/2011_09_26_0001_0000000087.npy
[INFO] [1550586864.772202]: /home/dink/DATASETS/lidar_2d/2011_09_26_0001_0000000088.npy
[INFO] [1550586865.272134]: /home/dink/DATASETS/lidar_2d/2011_09_26_0001_0000000089.npy
[INFO] [1550586865.772068]: /home/dink/DATASETS/lidar_2d/2011_09_26_0001_0000000090.npy
[INFO] [1550586866.272085]: /home/dink/DATASETS/lidar_2d/2011_09_26_0001_0000000091.npy
[INFO] [1550586866.772093]: /home/dink/DATASETS/lidar_2d/2011_09_26_0001_0000000092.npy
[INFO] [1550586867.272117]: /home/dink/DATASETS/lidar_2d/2011_09_26_0001_0000000093.npy
[INFO] [1550586867.772168]: /home/dink/DATASETS/lidar_2d/2011_09_26_0001_0000000094.npy
[INFO] [1550586868.272192]: /home/dink/DATASETS/lidar_2d/2011_09_26_0001_0000000095.npy
[INFO] [1550586868.772251]: /home/dink/DATASETS/lidar_2d/2011_09_26_0001_0000000096.npy
[INFO] [1550586869.272167]: /home/dink/DATASETS/lidar_2d/2011_09_26_0001_0000000097.npy
[INFO] [1550586869.772233]: /home/dink/DATASETS/lidar_2d/2011_09_26_0001_0000000098.npy
[INFO] [1550586870.272087]: /home/dink/DATASETS/lidar_2d/2011_09_26_0001_0000000099.npy
[INFO] [1550586870.772102]: /home/dink/DATASETS/lidar_2d/2011_09_26_0001_0000000100.npy
[INFO] [1550586871.272032]: /home/dink/DATASETS/lidar_2d/2011_09_26_0001_0000000101.npy
[INFO] [1550586871.772299]: /home/dink/DATASETS/lidar_2d/2011_09_26_0001_0000000102.npy
[INFO] [1550586872.272093]: /home/dink/DATASETS/lidar_2d/2011_09_26_0001_0000000103.npy
[INFO] [1550586872.772208]: /home/dink/DATASETS/lidar_2d/2011_09_26_0001_0000000104.npy
[INFO] [1550586873.272200]: /home/dink/DATASETS/lidar_2d/2011_09_26_0001_0000000105.npy
[INFO] [1550586873.772100]: /home/dink/DATASETS/lidar_2d/2011_09_26_0001_0000000106.npy
[INFO] [1550586874.272200]: /home/dink/DATASETS/lidar_2d/2011_09_26_0001_0000000107.npy
[INFO] [1550586874.772199]: /home/dink/DATASETS/lidar_2d/2011_09_26_0002_0000000000.npy
[INFO] [1550586875.272213]: /home/dink/DATASETS/lidar_2d/2011_09_26_0002_0000000001.npy
[INFO] [1550586875.772175]: /home/dink/DATASETS/lidar_2d/2011_09_26_0002_0000000002.npy
[INFO] [1550586876.272082]: /home/dink/DATASETS/lidar_2d/2011_09_26_0002_0000000003.npy
[INFO] [1550586876.772122]: /home/dink/DATASETS/lidar_2d/2011_09_26_0002_0000000004.npy
[INFO] [1550586877.272102]: /home/dink/DATASETS/lidar_2d/2011_09_26_0002_0000000005.npy
[INFO] [1550586877.772163]: /home/dink/DATASETS/lidar_2d/2011_09_26_0002_0000000006.npy
[INFO] [1550586878.272114]: /home/dink/DATASETS/lidar_2d/2011_09_26_0002_0000000007.npy
[INFO] [1550586878.772120]: /home/dink/DATASETS/lidar_2d/2011_09_26_0002_0000000008.npy
[INFO] [1550586879.272360]: /home/dink/DATASETS/lidar_2d/2011_09_26_0002_0000000009.npy
[INFO] [1550586879.772171]: /home/dink/DATASETS/lidar_2d/2011_09_26_0002_0000000010.npy
[INFO] [1550586880.272357]: /home/dink/DATASETS/lidar_2d/2011_09_26_0002_0000000011.npy
[INFO] [1550586880.772252]: /home/dink/DATASETS/lidar_2d/2011_09_26_0002_0000000012.npy
[INFO] [1550586881.272161]: /home/dink/DATASETS/lidar_2d/2011_09_26_0002_0000000013.npy
[INFO] [1550586881.772228]: /home/dink/DATASETS/lidar_2d/2011_09_26_0002_0000000014.npy
[INFO] [1550586882.272184]: /home/dink/DATASETS/lidar_2d/2011_09_26_0002_0000000015.npy
[INFO] [1550586882.772083]: /home/dink/DATASETS/lidar_2d/2011_09_26_0002_0000000016.npy
[INFO] [1550586883.272280]: /home/dink/DATASETS/lidar_2d/2011_09_26_0002_0000000017.npy
[INFO] [1550586883.772099]: /home/dink/DATASETS/lidar_2d/2011_09_26_0002_0000000018.npy
[INFO] [1550586884.272088]: /home/dink/DATASETS/lidar_2d/2011_09_26_0002_0000000019.npy
[INFO] [1550586884.772056]: /home/dink/DATASETS/lidar_2d/2011_09_26_0002_0000000020.npy
[INFO] [1550586885.272118]: /home/dink/DATASETS/lidar_2d/2011_09_26_0002_0000000021.npy
[INFO] [1550586885.771872]: /home/dink/DATASETS/lidar_2d/2011_09_26_0002_0000000022.npy
[INFO] [1550586886.272209]: /home/dink/DATASETS/lidar_2d/2011_09_26_0002_0000000023.npy
[INFO] [1550586886.772200]: /home/dink/DATASETS/lidar_2d/2011_09_26_0002_0000000024.npy
[INFO] [1550586887.272082]: /home/dink/DATASETS/lidar_2d/2011_09_26_0002_0000000025.npy
[INFO] [1550586887.772119]: /home/dink/DATASETS/lidar_2d/2011_09_26_0002_0000000026.npy
[INFO] [1550586888.272230]: /home/dink/DATASETS/lidar_2d/2011_09_26_0002_0000000027.npy
[INFO] [1550586888.772285]: /home/dink/DATASETS/lidar_2d/2011_09_26_0002_0000000028.npy
[INFO] [1550586889.272109]: /home/dink/DATASETS/lidar_2d/2011_09_26_0002_0000000066.npy
[INFO] [1550586889.772207]: /home/dink/DATASETS/lidar_2d/2011_09_26_0002_0000000067.npy
[INFO] [1550586890.272162]: /home/dink/DATASETS/lidar_2d/2011_09_26_0002_0000000068.npy
[INFO] [1550586890.772107]: /home/dink/DATASETS/lidar_2d/2011_09_26_0002_0000000069.npy
[INFO] [1550586891.272269]: /home/dink/DATASETS/lidar_2d/2011_09_26_0002_0000000070.npy
[INFO] [1550586891.772108]: /home/dink/DATASETS/lidar_2d/2011_09_26_0002_0000000071.npy
[INFO] [1550586892.272069]: /home/dink/DATASETS/lidar_2d/2011_09_26_0002_0000000072.npy
[INFO] [1550586892.772105]: /home/dink/DATASETS/lidar_2d/2011_09_26_0002_0000000073.npy
[INFO] [1550586893.272259]: /home/dink/DATASETS/lidar_2d/2011_09_26_0002_0000000074.npy
[INFO] [1550586893.772097]: /home/dink/DATASETS/lidar_2d/2011_09_26_0002_0000000075.npy
[INFO] [1550586894.272082]: /home/dink/DATASETS/lidar_2d/2011_09_26_0002_0000000076.npy
[INFO] [1550586894.772123]: /home/dink/DATASETS/lidar_2d/2011_09_26_0005_0000000000.npy
[INFO] [1550586895.272117]: /home/dink/DATASETS/lidar_2d/2011_09_26_0005_0000000001.npy
[INFO] [1550586895.771966]: /home/dink/DATASETS/lidar_2d/2011_09_26_0005_0000000002.npy
[INFO] [1550586896.272148]: /home/dink/DATASETS/lidar_2d/2011_09_26_0005_0000000003.npy
[INFO] [1550586896.772237]: /home/dink/DATASETS/lidar_2d/2011_09_26_0005_0000000004.npy
[INFO] [1550586897.272098]: /home/dink/DATASETS/lidar_2d/2011_09_26_0005_0000000005.npy
[INFO] [1550586897.772267]: /home/dink/DATASETS/lidar_2d/2011_09_26_0005_0000000006.npy
[INFO] [1550586898.272181]: /home/dink/DATASETS/lidar_2d/2011_09_26_0005_0000000007.npy
[INFO] [1550586898.772114]: /home/dink/DATASETS/lidar_2d/2011_09_26_0005_0000000008.npy
[INFO] [1550586899.272107]: /home/dink/DATASETS/lidar_2d/2011_09_26_0005_0000000009.npy
[INFO] [1550586899.772126]: /home/dink/DATASETS/lidar_2d/2011_09_26_0005_0000000010.npy
[INFO] [1550586900.272089]: /home/dink/DATASETS/lidar_2d/2011_09_26_0005_0000000011.npy
[INFO] [1550586900.772078]: /home/dink/DATASETS/lidar_2d/2011_09_26_0005_0000000012.npy
[INFO] [1550586901.272276]: /home/dink/DATASETS/lidar_2d/2011_09_26_0005_0000000013.npy
[INFO] [1550586901.772300]: /home/dink/DATASETS/lidar_2d/2011_09_26_0005_0000000014.npy
[INFO] [1550586902.272080]: /home/dink/DATASETS/lidar_2d/2011_09_26_0005_0000000015.npy
[INFO] [1550586902.772241]: /home/dink/DATASETS/lidar_2d/2011_09_26_0005_0000000016.npy
[INFO] [1550586903.272116]: /home/dink/DATASETS/lidar_2d/2011_09_26_0005_0000000017.npy
[INFO] [1550586903.772096]: /home/dink/DATASETS/lidar_2d/2011_09_26_0005_0000000018.npy
[INFO] [1550586904.272088]: /home/dink/DATASETS/lidar_2d/2011_09_26_0005_0000000019.npy
[INFO] [1550586904.772090]: /home/dink/DATASETS/lidar_2d/2011_09_26_0005_0000000020.npy
[INFO] [1550586905.272275]: /home/dink/DATASETS/lidar_2d/2011_09_26_0005_0000000021.npy
[INFO] [1550586905.772099]: /home/dink/DATASETS/lidar_2d/2011_09_26_0005_0000000022.npy
[INFO] [1550586906.272084]: /home/dink/DATASETS/lidar_2d/2011_09_26_0005_0000000023.npy
[INFO] [1550586906.772084]: /home/dink/DATASETS/lidar_2d/2011_09_26_0005_0000000024.npy
[INFO] [1550586907.272249]: /home/dink/DATASETS/lidar_2d/2011_09_26_0005_0000000025.npy
[INFO] [1550586907.772183]: /home/dink/DATASETS/lidar_2d/2011_09_26_0005_0000000026.npy
[INFO] [1550586908.272104]: /home/dink/DATASETS/lidar_2d/2011_09_26_0005_0000000027.npy
[INFO] [1550586908.771972]: /home/dink/DATASETS/lidar_2d/2011_09_26_0005_0000000028.npy
[INFO] [1550586909.272104]: /home/dink/DATASETS/lidar_2d/2011_09_26_0005_0000000029.npy
[INFO] [1550586909.771888]: /home/dink/DATASETS/lidar_2d/2011_09_26_0005_0000000030.npy
[INFO] [1550586910.272132]: /home/dink/DATASETS/lidar_2d/2011_09_26_0005_0000000031.npy
[INFO] [1550586910.771894]: /home/dink/DATASETS/lidar_2d/2011_09_26_0005_0000000032.npy
[INFO] [1550586911.272132]: /home/dink/DATASETS/lidar_2d/2011_09_26_0005_0000000033.npy
[INFO] [1550586911.772110]: /home/dink/DATASETS/lidar_2d/2011_09_26_0005_0000000034.npy
[INFO] [1550586912.272102]: /home/dink/DATASETS/lidar_2d/2011_09_26_0005_0000000035.npy
[INFO] [1550586912.772081]: /home/dink/DATASETS/lidar_2d/2011_09_26_0005_0000000036.npy
[INFO] [1550586913.272047]: /home/dink/DATASETS/lidar_2d/2011_09_26_0005_0000000037.npy
[INFO] [1550586913.772108]: /home/dink/DATASETS/lidar_2d/2011_09_26_0005_0000000038.npy
[INFO] [1550586914.272069]: /home/dink/DATASETS/lidar_2d/2011_09_26_0005_0000000039.npy
[INFO] [1550586914.772197]: /home/dink/DATASETS/lidar_2d/2011_09_26_0005_0000000040.npy
[INFO] [1550586915.272044]: /home/dink/DATASETS/lidar_2d/2011_09_26_0005_0000000041.npy
[INFO] [1550586915.772460]: /home/dink/DATASETS/lidar_2d/2011_09_26_0005_0000000042.npy
[INFO] [1550586916.272107]: /home/dink/DATASETS/lidar_2d/2011_09_26_0005_0000000043.npy
[INFO] [1550586916.772266]: /home/dink/DATASETS/lidar_2d/2011_09_26_0005_0000000044.npy
[INFO] [1550586917.272101]: /home/dink/DATASETS/lidar_2d/2011_09_26_0005_0000000045.npy
[INFO] [1550586917.772245]: /home/dink/DATASETS/lidar_2d/2011_09_26_0005_0000000046.npy
[INFO] [1550586918.272065]: /home/dink/DATASETS/lidar_2d/2011_09_26_0005_0000000047.npy
[INFO] [1550586918.772220]: /home/dink/DATASETS/lidar_2d/2011_09_26_0005_0000000048.npy
[INFO] [1550586919.272213]: /home/dink/DATASETS/lidar_2d/2011_09_26_0005_0000000049.npy
[INFO] [1550586919.772119]: /home/dink/DATASETS/lidar_2d/2011_09_26_0005_0000000050.npy
Traceback (most recent call last):
  File "voxelnet_ros.py", line 4, in <module>
    from sensor_msgs.msg import PointCloud2
  File "/opt/ros/kinetic/lib/python2.7/dist-packages/sensor_msgs/msg/__init__.py", line 2, in <module>
    from ._CameraInfo import *
KeyboardInterrupt
